Using pre-set license
Built from '2020.2/release' branch; Version is '2020.2.1f1 (270dd8c3da1c) revision 2559448'; Using compiler version '192528614'; Build Type 'Release'
OS: 'Windows 10  (10.0.0) 64bit' Language: 'en' Physical Memory: 16334 MB
BatchMode: 1, IsHumanControllingUs: 0, StartBugReporterOnCrash: 0, Is64bit: 1, IsPro: 0

 COMMAND LINE ARGUMENTS:
C:\Program Files\Unity\Hub\Editor\2020.2.1f1\Editor\Unity.exe
-adb2
-batchMode
-noUpm
-name
AssetImportWorker0
-projectPath
E:/GitHub/SGD-212-Project2
-logFile
Logs/AssetImportWorker0.log
-srvPort
56989
Successfully changed project path to: E:/GitHub/SGD-212-Project2
E:/GitHub/SGD-212-Project2
Using Asset Import Pipeline V2.
Refreshing native plugins compatible for Editor in 25.45 ms, found 0 plugins.
Preloading 0 native plugins for Editor in 0.00 ms.
Initialize engine version: 2020.2.1f1 (270dd8c3da1c)
[Subsystems] Discovering subsystems at path C:/Program Files/Unity/Hub/Editor/2020.2.1f1/Editor/Data/Resources/UnitySubsystems
[Subsystems] Discovering subsystems at path E:/GitHub/SGD-212-Project2/Assets
GfxDevice: creating device client; threaded=0
Direct3D:
    Version:  Direct3D 11.0 [level 11.1]
    Renderer: Radeon RX 580 Series (ID=0x67df)
    Vendor:   
    VRAM:     8171 MB
    Driver:   27.20.12029.1000
Initialize mono
Mono path[0] = 'C:/Program Files/Unity/Hub/Editor/2020.2.1f1/Editor/Data/Managed'
Mono path[1] = 'C:/Program Files/Unity/Hub/Editor/2020.2.1f1/Editor/Data/MonoBleedingEdge/lib/mono/unityjit'
Mono config path = 'C:/Program Files/Unity/Hub/Editor/2020.2.1f1/Editor/Data/MonoBleedingEdge/etc'
Using monoOptions --debugger-agent=transport=dt_socket,embedding=1,server=y,suspend=n,address=127.0.0.1:56752
Begin MonoManager ReloadAssembly
Registering precompiled unity dll's ...
Register platform support module: C:/Program Files/Unity/Hub/Editor/2020.2.1f1/Editor/Data/PlaybackEngines/WindowsStandaloneSupport/UnityEditor.WindowsStandalone.Extensions.dll
Registered in 0.001582 seconds.
Native extension for WindowsStandalone target not found
Refreshing native plugins compatible for Editor in 25.65 ms, found 0 plugins.
Preloading 0 native plugins for Editor in 0.00 ms.
Invoked RoslynAnalysisRunner static constructor.
RoslynAnalysisRunner will not be running.
RoslynAnalysisRunner has terminated.
Mono: successfully reloaded assembly
- Completed reload, in  0.886 seconds
Platform modules already initialized, skipping
Registering precompiled user dll's ...
Registered in 0.000708 seconds.
Begin MonoManager ReloadAssembly
Native extension for WindowsStandalone target not found
Refreshing native plugins compatible for Editor in 0.32 ms, found 0 plugins.
Preloading 0 native plugins for Editor in 0.00 ms.
Invoked RoslynAnalysisRunner static constructor.
RoslynAnalysisRunner will not be running.
RoslynAnalysisRunner has terminated.
Mono: successfully reloaded assembly
- Completed reload, in  0.735 seconds
Platform modules already initialized, skipping
========================================================================
Worker process is ready to serve import requests
Launched and connected shader compiler UnityShaderCompiler.exe after 0.02 seconds
Refreshing native plugins compatible for Editor in 0.31 ms, found 0 plugins.
Preloading 0 native plugins for Editor in 0.00 ms.
Unloading 1466 Unused Serialized files (Serialized files now loaded: 0)
System memory in use before: 73.1 MB.
System memory in use after: 73.1 MB.

Unloading 68 unused Assets to reduce memory usage. Loaded Objects now: 1906.
Total: 2.238300 ms (FindLiveObjects: 0.227800 ms CreateObjectMapping: 0.048500 ms MarkObjects: 1.783400 ms  DeleteObjects: 0.177800 ms)

========================================================================
Received Import Request.
  path: Assets/Scenes/level01_meta.unity
  artifactKey: Guid(94778ef5c0b6d574da25a65c66047678) Importer(815301076,1909f56bfc062723c751e8b465ee728b)
Start importing Assets/Scenes/level01_meta.unity using Guid(94778ef5c0b6d574da25a65c66047678) Importer(815301076,1909f56bfc062723c751e8b465ee728b)  -> (artifact id: '03db7f7a3ebb455e1bf7430f5bdc57f7') in 0.012457 seconds
  Import took 0.014731 seconds .

========================================================================
Received Import Request.
  Time since last request: 0.026075 seconds.
  path: Assets/Scenes/level02_delta.unity
  artifactKey: Guid(e74fd3c3849c69c40961ffc23136919a) Importer(815301076,1909f56bfc062723c751e8b465ee728b)
Start importing Assets/Scenes/level02_delta.unity using Guid(e74fd3c3849c69c40961ffc23136919a) Importer(815301076,1909f56bfc062723c751e8b465ee728b)  -> (artifact id: '0f83d45c40ab4ae6303893951fdef942') in 0.007739 seconds
  Import took 0.010243 seconds .

========================================================================
Received Prepare
Refreshing native plugins compatible for Editor in 0.70 ms, found 0 plugins.
Preloading 0 native plugins for Editor in 0.00 ms.
Unloading 4 Unused Serialized files (Serialized files now loaded: 0)
System memory in use before: 42.8 MB.
System memory in use after: 42.9 MB.

Unloading 4 unused Assets to reduce memory usage. Loaded Objects now: 1906.
Total: 2.095900 ms (FindLiveObjects: 0.203100 ms CreateObjectMapping: 0.030700 ms MarkObjects: 1.783400 ms  DeleteObjects: 0.077700 ms)

========================================================================
Received Import Request.
  Time since last request: 2.403780 seconds.
  path: Assets/Scenes/level03_box.unity
  artifactKey: Guid(5a27a325dda4d844a864ee7387ebf36f) Importer(815301076,1909f56bfc062723c751e8b465ee728b)
Start importing Assets/Scenes/level03_box.unity using Guid(5a27a325dda4d844a864ee7387ebf36f) Importer(815301076,1909f56bfc062723c751e8b465ee728b)  -> (artifact id: '282d7383a1bf16c930f92c2e5fb48773') in 0.007754 seconds
  Import took 0.010197 seconds .

========================================================================
Received Import Request.
  Time since last request: 1.467524 seconds.
  path: Assets/Scenes/loseScene.unity
  artifactKey: Guid(c3798f5b64b718942ae9c255b40a22ae) Importer(815301076,1909f56bfc062723c751e8b465ee728b)
Start importing Assets/Scenes/loseScene.unity using Guid(c3798f5b64b718942ae9c255b40a22ae) Importer(815301076,1909f56bfc062723c751e8b465ee728b)  -> (artifact id: '2cb2fad01f2786b20bffbeab616cce45') in 0.008077 seconds
  Import took 0.010586 seconds .

========================================================================
Received Import Request.
  Time since last request: 1.791626 seconds.
  path: Assets/Scenes/startScene.unity
  artifactKey: Guid(406047608a6709d41958cf5288d0f423) Importer(815301076,1909f56bfc062723c751e8b465ee728b)
Start importing Assets/Scenes/startScene.unity using Guid(406047608a6709d41958cf5288d0f423) Importer(815301076,1909f56bfc062723c751e8b465ee728b)  -> (artifact id: '3f5f6becc2c90228e22458f46f8b8c86') in 0.005660 seconds
  Import took 0.008085 seconds .

========================================================================
Received Import Request.
  Time since last request: 0.000626 seconds.
  path: Assets/Scenes/startScene.unity
  artifactKey: Guid(406047608a6709d41958cf5288d0f423) Importer(815301076,1909f56bfc062723c751e8b465ee728b)
Start importing Assets/Scenes/startScene.unity using Guid(406047608a6709d41958cf5288d0f423) Importer(815301076,1909f56bfc062723c751e8b465ee728b)  -> (artifact id: '3f5f6becc2c90228e22458f46f8b8c86') in 0.003560 seconds
  Import took 0.005271 seconds .

========================================================================
Received Import Request.
  Time since last request: 4.458276 seconds.
  path: Assets/Scenes/winScene.unity
  artifactKey: Guid(b3e0b1e81fe580d44a1e09fa5aec2f93) Importer(815301076,1909f56bfc062723c751e8b465ee728b)
Start importing Assets/Scenes/winScene.unity using Guid(b3e0b1e81fe580d44a1e09fa5aec2f93) Importer(815301076,1909f56bfc062723c751e8b465ee728b)  -> (artifact id: '775131bff0fc143cde1dc00c45056274') in 0.006272 seconds
  Import took 0.008648 seconds .

========================================================================
Received Import Request.
  Time since last request: 1.707905 seconds.
  path: Assets/Scenes/level03_box
  artifactKey: Guid(62bf195f56061dd4fbe0ba79f97b6bbf) Importer(815301076,1909f56bfc062723c751e8b465ee728b)
Start importing Assets/Scenes/level03_box using Guid(62bf195f56061dd4fbe0ba79f97b6bbf) Importer(815301076,1909f56bfc062723c751e8b465ee728b)  -> (artifact id: '404a079e3329d36cf20538eb3b885dfa') in 0.006234 seconds
  Import took 0.008672 seconds .

========================================================================
Received Import Request.
  Time since last request: 2.617007 seconds.
  path: Assets/Scenes/level02_delta
  artifactKey: Guid(b35102838d0b3a24db01db2dce228c15) Importer(815301076,1909f56bfc062723c751e8b465ee728b)
Start importing Assets/Scenes/level02_delta using Guid(b35102838d0b3a24db01db2dce228c15) Importer(815301076,1909f56bfc062723c751e8b465ee728b)  -> (artifact id: 'c80d2625fec0ac66e98a7a9d79b0af5a') in 0.005951 seconds
  Import took 0.008389 seconds .

========================================================================
Received Import Request.
  Time since last request: 0.000395 seconds.
  path: Assets/Scenes/level02_delta
  artifactKey: Guid(b35102838d0b3a24db01db2dce228c15) Importer(815301076,1909f56bfc062723c751e8b465ee728b)
Start importing Assets/Scenes/level02_delta using Guid(b35102838d0b3a24db01db2dce228c15) Importer(815301076,1909f56bfc062723c751e8b465ee728b)  -> (artifact id: 'c80d2625fec0ac66e98a7a9d79b0af5a') in 0.003538 seconds
  Import took 0.005254 seconds .

========================================================================
Received Import Request.
  Time since last request: 2.886138 seconds.
  path: Assets/Scenes/level01_meta/NavMesh.asset
  artifactKey: Guid(c7a1a097ac45f1849a1927fa4adfee64) Importer(815301076,1909f56bfc062723c751e8b465ee728b)
Start importing Assets/Scenes/level01_meta/NavMesh.asset using Guid(c7a1a097ac45f1849a1927fa4adfee64) Importer(815301076,1909f56bfc062723c751e8b465ee728b)  -> (artifact id: '573dba5ead559851a68816438cc55528') in 0.021157 seconds
  Import took 0.023598 seconds .

========================================================================
Received Import Request.
  Time since last request: 25.383034 seconds.
  path: Assets/Scripts/EnemyController.cs
  artifactKey: Guid(714367268c621044ca8b99d68b59f700) Importer(815301076,1909f56bfc062723c751e8b465ee728b)
Start importing Assets/Scripts/EnemyController.cs using Guid(714367268c621044ca8b99d68b59f700) Importer(815301076,1909f56bfc062723c751e8b465ee728b)  -> (artifact id: '8165fc534b59ecd061269c951f426e85') in 0.008783 seconds
  Import took 0.011301 seconds .

========================================================================
Received Prepare
Registering precompiled user dll's ...
Registered in 0.000609 seconds.
Begin MonoManager ReloadAssembly
Native extension for WindowsStandalone target not found
Refreshing native plugins compatible for Editor in 0.32 ms, found 0 plugins.
Preloading 0 native plugins for Editor in 0.00 ms.
Warning: Annotation not found!
UnityEngine.StackTraceUtility:ExtractStackTrace ()
UnityEditor.ProBuilder.EditorUtility:SetGizmoIconEnabled (System.Type,bool) (at F:/School Work/Semester 3/SGD Programming 2/Folders/Final Project/Library/PackageCache/com.unity.probuilder@4.4.0/Editor/EditorCore/EditorUtility.cs:593)
UnityEditor.ProBuilder.HierarchyListener:.cctor () (at F:/School Work/Semester 3/SGD Programming 2/Folders/Final Project/Library/PackageCache/com.unity.probuilder@4.4.0/Editor/EditorCore/HierarchyListener.cs:21)
System.Runtime.CompilerServices.RuntimeHelpers:RunClassConstructor (System.RuntimeTypeHandle)
UnityEditor.EditorAssemblies:ProcessInitializeOnLoadAttributes (System.Type[])

[F:/School Work/Semester 3/SGD Programming 2/Folders/Final Project/Library/PackageCache/com.unity.probuilder@4.4.0/Editor/EditorCore/EditorUtility.cs line 593]

Invoked RoslynAnalysisRunner static constructor.
RoslynAnalysisRunner will not be running.
RoslynAnalysisRunner has terminated.
Mono: successfully reloaded assembly
- Completed reload, in  0.678 seconds
Platform modules already initialized, skipping
Refreshing native plugins compatible for Editor in 0.32 ms, found 0 plugins.
Preloading 0 native plugins for Editor in 0.00 ms.
Unloading 1432 Unused Serialized files (Serialized files now loaded: 0)
System memory in use before: 72.4 MB.
System memory in use after: 72.5 MB.

Unloading 7 unused Assets to reduce memory usage. Loaded Objects now: 1907.
Total: 1.910100 ms (FindLiveObjects: 0.158700 ms CreateObjectMapping: 0.031600 ms MarkObjects: 1.639100 ms  DeleteObjects: 0.079500 ms)

========================================================================
Received Prepare
Registering precompiled user dll's ...
Registered in 0.000521 seconds.
Begin MonoManager ReloadAssembly
Native extension for WindowsStandalone target not found
Refreshing native plugins compatible for Editor in 0.34 ms, found 0 plugins.
Preloading 0 native plugins for Editor in 0.00 ms.
Warning: Annotation not found!
UnityEngine.StackTraceUtility:ExtractStackTrace ()
UnityEditor.ProBuilder.EditorUtility:SetGizmoIconEnabled (System.Type,bool) (at F:/School Work/Semester 3/SGD Programming 2/Folders/Final Project/Library/PackageCache/com.unity.probuilder@4.4.0/Editor/EditorCore/EditorUtility.cs:593)
UnityEditor.ProBuilder.HierarchyListener:.cctor () (at F:/School Work/Semester 3/SGD Programming 2/Folders/Final Project/Library/PackageCache/com.unity.probuilder@4.4.0/Editor/EditorCore/HierarchyListener.cs:21)
System.Runtime.CompilerServices.RuntimeHelpers:RunClassConstructor (System.RuntimeTypeHandle)
UnityEditor.EditorAssemblies:ProcessInitializeOnLoadAttributes (System.Type[])

[F:/School Work/Semester 3/SGD Programming 2/Folders/Final Project/Library/PackageCache/com.unity.probuilder@4.4.0/Editor/EditorCore/EditorUtility.cs line 593]

Invoked RoslynAnalysisRunner static constructor.
RoslynAnalysisRunner will not be running.
RoslynAnalysisRunner has terminated.
Mono: successfully reloaded assembly
- Completed reload, in  0.671 seconds
Platform modules already initialized, skipping
Refreshing native plugins compatible for Editor in 0.32 ms, found 0 plugins.
Preloading 0 native plugins for Editor in 0.00 ms.
Unloading 1432 Unused Serialized files (Serialized files now loaded: 0)
System memory in use before: 72.5 MB.
System memory in use after: 72.5 MB.

Unloading 6 unused Assets to reduce memory usage. Loaded Objects now: 1909.
Total: 2.059800 ms (FindLiveObjects: 0.192900 ms CreateObjectMapping: 0.034600 ms MarkObjects: 1.744700 ms  DeleteObjects: 0.086400 ms)

========================================================================
Received Prepare
Registering precompiled user dll's ...
Registered in 0.000656 seconds.
Begin MonoManager ReloadAssembly
Native extension for WindowsStandalone target not found
Refreshing native plugins compatible for Editor in 0.31 ms, found 0 plugins.
Preloading 0 native plugins for Editor in 0.00 ms.
Warning: Annotation not found!
UnityEngine.StackTraceUtility:ExtractStackTrace ()
UnityEditor.ProBuilder.EditorUtility:SetGizmoIconEnabled (System.Type,bool) (at F:/School Work/Semester 3/SGD Programming 2/Folders/Final Project/Library/PackageCache/com.unity.probuilder@4.4.0/Editor/EditorCore/EditorUtility.cs:593)
UnityEditor.ProBuilder.HierarchyListener:.cctor () (at F:/School Work/Semester 3/SGD Programming 2/Folders/Final Project/Library/PackageCache/com.unity.probuilder@4.4.0/Editor/EditorCore/HierarchyListener.cs:21)
System.Runtime.CompilerServices.RuntimeHelpers:RunClassConstructor (System.RuntimeTypeHandle)
UnityEditor.EditorAssemblies:ProcessInitializeOnLoadAttributes (System.Type[])

[F:/School Work/Semester 3/SGD Programming 2/Folders/Final Project/Library/PackageCache/com.unity.probuilder@4.4.0/Editor/EditorCore/EditorUtility.cs line 593]

Invoked RoslynAnalysisRunner static constructor.
RoslynAnalysisRunner will not be running.
RoslynAnalysisRunner has terminated.
Mono: successfully reloaded assembly
- Completed reload, in  0.671 seconds
Platform modules already initialized, skipping
Refreshing native plugins compatible for Editor in 0.31 ms, found 0 plugins.
Preloading 0 native plugins for Editor in 0.00 ms.
Unloading 1432 Unused Serialized files (Serialized files now loaded: 0)
System memory in use before: 72.4 MB.
System memory in use after: 72.4 MB.

Unloading 6 unused Assets to reduce memory usage. Loaded Objects now: 1911.
Total: 2.008600 ms (FindLiveObjects: 0.250800 ms CreateObjectMapping: 0.033200 ms MarkObjects: 1.637000 ms  DeleteObjects: 0.086500 ms)

========================================================================
Received Import Request.
  Time since last request: 149.648500 seconds.
  path: Assets/Scripts/StationaryEnemyController.cs
  artifactKey: Guid(0bf45f53718dd2740923cbdb308dc902) Importer(815301076,1909f56bfc062723c751e8b465ee728b)
Start importing Assets/Scripts/StationaryEnemyController.cs using Guid(0bf45f53718dd2740923cbdb308dc902) Importer(815301076,1909f56bfc062723c751e8b465ee728b)  -> (artifact id: 'ec0288af7526f08bbdf82bf35817bb6d') in 0.009937 seconds
  Import took 0.012479 seconds .

========================================================================
Received Import Request.
  Time since last request: 0.014224 seconds.
  path: Assets/Scripts/StationaryEnemyController.cs
  artifactKey: Guid(0bf45f53718dd2740923cbdb308dc902) Importer(815301076,1909f56bfc062723c751e8b465ee728b)
Start importing Assets/Scripts/StationaryEnemyController.cs using Guid(0bf45f53718dd2740923cbdb308dc902) Importer(815301076,1909f56bfc062723c751e8b465ee728b)  -> (artifact id: 'ec0288af7526f08bbdf82bf35817bb6d') in 0.003441 seconds
  Import took 0.005627 seconds .

========================================================================
Received Prepare
Registering precompiled user dll's ...
Registered in 0.000602 seconds.
Begin MonoManager ReloadAssembly
Native extension for WindowsStandalone target not found
Refreshing native plugins compatible for Editor in 0.31 ms, found 0 plugins.
Preloading 0 native plugins for Editor in 0.00 ms.
Warning: Annotation not found!
UnityEngine.StackTraceUtility:ExtractStackTrace ()
UnityEditor.ProBuilder.EditorUtility:SetGizmoIconEnabled (System.Type,bool) (at F:/School Work/Semester 3/SGD Programming 2/Folders/Final Project/Library/PackageCache/com.unity.probuilder@4.4.0/Editor/EditorCore/EditorUtility.cs:593)
UnityEditor.ProBuilder.HierarchyListener:.cctor () (at F:/School Work/Semester 3/SGD Programming 2/Folders/Final Project/Library/PackageCache/com.unity.probuilder@4.4.0/Editor/EditorCore/HierarchyListener.cs:21)
System.Runtime.CompilerServices.RuntimeHelpers:RunClassConstructor (System.RuntimeTypeHandle)
UnityEditor.EditorAssemblies:ProcessInitializeOnLoadAttributes (System.Type[])

[F:/School Work/Semester 3/SGD Programming 2/Folders/Final Project/Library/PackageCache/com.unity.probuilder@4.4.0/Editor/EditorCore/EditorUtility.cs line 593]

Invoked RoslynAnalysisRunner static constructor.
RoslynAnalysisRunner will not be running.
RoslynAnalysisRunner has terminated.
Mono: successfully reloaded assembly
- Completed reload, in  0.654 seconds
Platform modules already initialized, skipping
Refreshing native plugins compatible for Editor in 0.31 ms, found 0 plugins.
Preloading 0 native plugins for Editor in 0.00 ms.
Unloading 1431 Unused Serialized files (Serialized files now loaded: 0)
System memory in use before: 72.4 MB.
System memory in use after: 72.5 MB.

Unloading 7 unused Assets to reduce memory usage. Loaded Objects now: 1912.
Total: 2.070600 ms (FindLiveObjects: 0.213400 ms CreateObjectMapping: 0.034200 ms MarkObjects: 1.735400 ms  DeleteObjects: 0.086500 ms)

========================================================================
Received Prepare
Registering precompiled user dll's ...
Registered in 0.000594 seconds.
Begin MonoManager ReloadAssembly
Native extension for WindowsStandalone target not found
Refreshing native plugins compatible for Editor in 0.32 ms, found 0 plugins.
Preloading 0 native plugins for Editor in 0.00 ms.
Warning: Annotation not found!
UnityEngine.StackTraceUtility:ExtractStackTrace ()
UnityEditor.ProBuilder.EditorUtility:SetGizmoIconEnabled (System.Type,bool) (at F:/School Work/Semester 3/SGD Programming 2/Folders/Final Project/Library/PackageCache/com.unity.probuilder@4.4.0/Editor/EditorCore/EditorUtility.cs:593)
UnityEditor.ProBuilder.HierarchyListener:.cctor () (at F:/School Work/Semester 3/SGD Programming 2/Folders/Final Project/Library/PackageCache/com.unity.probuilder@4.4.0/Editor/EditorCore/HierarchyListener.cs:21)
System.Runtime.CompilerServices.RuntimeHelpers:RunClassConstructor (System.RuntimeTypeHandle)
UnityEditor.EditorAssemblies:ProcessInitializeOnLoadAttributes (System.Type[])

[F:/School Work/Semester 3/SGD Programming 2/Folders/Final Project/Library/PackageCache/com.unity.probuilder@4.4.0/Editor/EditorCore/EditorUtility.cs line 593]

Invoked RoslynAnalysisRunner static constructor.
RoslynAnalysisRunner will not be running.
RoslynAnalysisRunner has terminated.
Mono: successfully reloaded assembly
- Completed reload, in  0.660 seconds
Platform modules already initialized, skipping
Refreshing native plugins compatible for Editor in 0.32 ms, found 0 plugins.
Preloading 0 native plugins for Editor in 0.00 ms.
Unloading 1430 Unused Serialized files (Serialized files now loaded: 0)
System memory in use before: 72.4 MB.
System memory in use after: 72.5 MB.

Unloading 7 unused Assets to reduce memory usage. Loaded Objects now: 1913.
Total: 1.925900 ms (FindLiveObjects: 0.181300 ms CreateObjectMapping: 0.036000 ms MarkObjects: 1.630100 ms  DeleteObjects: 0.077600 ms)

